This is pdfTeX, Version 3.141592653-2.6-1.40.23 (MiKTeX 21.8) (preloaded format=latex 2021.11.23)  23 NOV 2021 14:18
entering extended mode
**./1diskapak.tex
(1diskapak.tex
LaTeX2e <2021-06-01> patch level 1
L3 programming layer <2021-08-27>

! LaTeX Error: Environment figure undefined.

See the LaTeX manual or LaTeX Companion for explanation.
Type  H <return>  for immediate help.
 ...                                              
                                                  
l.2 \begin{figure}
                  [H]
Your command was ignored.
Type  I <command> <return>  to replace it with another command,
or  <return>  to continue without it.


! LaTeX Error: Missing \begin{document}.

See the LaTeX manual or LaTeX Companion for explanation.
Type  H <return>  for immediate help.
 ...                                              
                                                  
l.2 \begin{figure}[
                   H]
You're in trouble here.  Try typing  <return>  to proceed.
If that doesn't work, type  X <return>  to quit.

Missing character: There is no [ in font nullfont!
Missing character: There is no H in font nullfont!
Missing character: There is no ] in font nullfont!
! Undefined control sequence.
l.4 \includegraphics
                    [scale=0.2]{logomuz}
The control sequence at the end of the top line
of your error message was never \def'ed. If you have
misspelled it (e.g., `\hobx'), type `I' and the correct
spelling (e.g., `I\hbox'). Otherwise just continue,
and I'll forget about whatever was undefined.

Missing character: There is no [ in font nullfont!
Missing character: There is no s in font nullfont!
Missing character: There is no c in font nullfont!
Missing character: There is no a in font nullfont!
Missing character: There is no l in font nullfont!
Missing character: There is no e in font nullfont!
Missing character: There is no = in font nullfont!
Missing character: There is no 0 in font nullfont!
Missing character: There is no . in font nullfont!
Missing character: There is no 2 in font nullfont!
Missing character: There is no ] in font nullfont!
Missing character: There is no l in font nullfont!
Missing character: There is no o in font nullfont!
Missing character: There is no g in font nullfont!
Missing character: There is no o in font nullfont!
Missing character: There is no m in font nullfont!
Missing character: There is no u in font nullfont!
Missing character: There is no z in font nullfont!

! LaTeX Error: \begin{document} ended by \end{figure}.

See the LaTeX manual or LaTeX Companion for explanation.
Type  H <return>  for immediate help.
 ...                                              
                                                  
l.6 \end{figure}
                
Your command was ignored.
Type  I <command> <return>  to replace it with another command,
or  <return>  to continue without it.


Overfull \hbox (20.0pt too wide) in paragraph at lines 2--8
[]
 []


Overfull \hbox (22.69432pt too wide) in paragraph at lines 9--9
 \OT1/cmr/bx/n/10 T.C. 
 []


! Package inputenc Error: Invalid UTF-8 byte sequence.

See the inputenc package documentation for explanation.
Type  H <return>  for immediate help.
 ...                                              
                                                  
l.10 \textbf{BÝLECÝK ÞEYH EDEBALÝ ÜNÝVERSÝTESÝ}
                                               \\
The document does not appear to be in UTF-8 encoding.
Try adding \UseRawInputEncoding as the first line of the file
or specify an encoding such as \usepackage [latin1]{inputenc}
in the document preamble.
Alternatively, save the file in UTF-8 using your editor or another tool


! Package inputenc Error: Invalid UTF-8 byte sequence.

See the inputenc package documentation for explanation.
Type  H <return>  for immediate help.
 ...                                              
                                                  
l.10 \textbf{BÝLECÝK ÞEYH EDEBALÝ ÜNÝVERSÝTESÝ}
                                               \\
The document does not appear to be in UTF-8 encoding.
Try adding \UseRawInputEncoding as the first line of the file
or specify an encoding such as \usepackage [latin1]{inputenc}
in the document preamble.
Alternatively, save the file in UTF-8 using your editor or another tool


! Package inputenc Error: Invalid UTF-8 byte sequence.

See the inputenc package documentation for explanation.
Type  H <return>  for immediate help.
 ...                                              
                                                  
l.10 \textbf{BÝLECÝK ÞEYH EDEBALÝ ÜNÝVERSÝTESÝ}
                                               \\
The document does not appear to be in UTF-8 encoding.
Try adding \UseRawInputEncoding as the first line of the file
or specify an encoding such as \usepackage [latin1]{inputenc}
in the document preamble.
Alternatively, save the file in UTF-8 using your editor or another tool


! Package inputenc Error: Invalid UTF-8 byte sequence.

See the inputenc package documentation for explanation.
Type  H <return>  for immediate help.
 ...                                              
                                                  
l.10 \textbf{BÝLECÝK ÞEYH EDEBALÝ ÜNÝVERSÝTESÝ}
                                               \\
The document does not appear to be in UTF-8 encoding.
Try adding \UseRawInputEncoding as the first line of the file
or specify an encoding such as \usepackage [latin1]{inputenc}
in the document preamble.
Alternatively, save the file in UTF-8 using your editor or another tool


! Package inputenc Error: Invalid UTF-8 byte sequence.

See the inputenc package documentation for explanation.
Type  H <return>  for immediate help.
 ...                                              
                                                  
l.10 \textbf{BÝLECÝK ÞEYH EDEBALÝ ÜNÝVERSÝTESÝ}
                                               \\
The document does not appear to be in UTF-8 encoding.
Try adding \UseRawInputEncoding as the first line of the file
or specify an encoding such as \usepackage [latin1]{inputenc}
in the document preamble.
Alternatively, save the file in UTF-8 using your editor or another tool


! Package inputenc Error: Invalid UTF-8 byte sequence.

See the inputenc package documentation for explanation.
Type  H <return>  for immediate help.
 ...                                              
                                                  
l.10 \textbf{BÝLECÝK ÞEYH EDEBALÝ ÜNÝVERSÝTESÝ}
                                               \\
The document does not appear to be in UTF-8 encoding.
Try adding \UseRawInputEncoding as the first line of the file
or specify an encoding such as \usepackage [latin1]{inputenc}
in the document preamble.
Alternatively, save the file in UTF-8 using your editor or another tool


! Package inputenc Error: Invalid UTF-8 byte sequence.

See the inputenc package documentation for explanation.
Type  H <return>  for immediate help.
 ...                                              
                                                  
l.10 \textbf{BÝLECÝK ÞEYH EDEBALÝ ÜNÝVERSÝTESÝ}
                                               \\
The document does not appear to be in UTF-8 encoding.
Try adding \UseRawInputEncoding as the first line of the file
or specify an encoding such as \usepackage [latin1]{inputenc}
in the document preamble.
Alternatively, save the file in UTF-8 using your editor or another tool


Overfull \hbox (24.04153pt too wide) in paragraph at lines 10--10
 []\OT1/cmr/bx/n/10 BEC 
 []


Overfull \hbox (17.69435pt too wide) in paragraph at lines 10--10
 \OT1/cmr/bx/n/10 YH 
 []


Overfull \hbox (27.76373pt too wide) in paragraph at lines 10--10
 \OT1/cmr/bx/n/10 EDE- 
 []


Overfull \hbox (27.62485pt too wide) in paragraph at lines 10--10
 \OT1/cmr/bx/n/10 BAL- 
 []


Overfull \hbox (45.51364pt too wide) in paragraph at lines 10--10
 \OT1/cmr/bx/n/10 NERSES 
 []


! Package inputenc Error: Invalid UTF-8 byte sequence.

See the inputenc package documentation for explanation.
Type  H <return>  for immediate help.
 ...                                              
                                                  
l.11 \textbf{MÜHENDÝSLÝK FAKÜLTESÝ}
                                   
The document does not appear to be in UTF-8 encoding.
Try adding \UseRawInputEncoding as the first line of the file
or specify an encoding such as \usepackage [latin1]{inputenc}
in the document preamble.
Alternatively, save the file in UTF-8 using your editor or another tool


! Package inputenc Error: Invalid UTF-8 byte sequence.

See the inputenc package documentation for explanation.
Type  H <return>  for immediate help.
 ...                                              
                                                  
l.11 \textbf{MÜHENDÝSLÝK FAKÜLTESÝ}
                                   
The document does not appear to be in UTF-8 encoding.
Try adding \UseRawInputEncoding as the first line of the file
or specify an encoding such as \usepackage [latin1]{inputenc}
in the document preamble.
Alternatively, save the file in UTF-8 using your editor or another tool


! Package inputenc Error: Invalid UTF-8 byte sequence.

See the inputenc package documentation for explanation.
Type  H <return>  for immediate help.
 ...                                              
                                                  
l.11 \textbf{MÜHENDÝSLÝK FAKÜLTESÝ}
                                   
The document does not appear to be in UTF-8 encoding.
Try adding \UseRawInputEncoding as the first line of the file
or specify an encoding such as \usepackage [latin1]{inputenc}
in the document preamble.
Alternatively, save the file in UTF-8 using your editor or another tool


! Package inputenc Error: Invalid UTF-8 byte sequence.

See the inputenc package documentation for explanation.
Type  H <return>  for immediate help.
 ...                                              
                                                  
l.11 \textbf{MÜHENDÝSLÝK FAKÜLTESÝ}
                                   
The document does not appear to be in UTF-8 encoding.
Try adding \UseRawInputEncoding as the first line of the file
or specify an encoding such as \usepackage [latin1]{inputenc}
in the document preamble.
Alternatively, save the file in UTF-8 using your editor or another tool


! Package inputenc Error: Invalid UTF-8 byte sequence.

See the inputenc package documentation for explanation.
Type  H <return>  for immediate help.
 ...                                              
                                                  
l.11 \textbf{MÜHENDÝSLÝK FAKÜLTESÝ}
                                   
The document does not appear to be in UTF-8 encoding.
Try adding \UseRawInputEncoding as the first line of the file
or specify an encoding such as \usepackage [latin1]{inputenc}
in the document preamble.
Alternatively, save the file in UTF-8 using your editor or another tool


Overfull \hbox (43.2081pt too wide) in paragraph at lines 11--12
 []\OT1/cmr/bx/n/10 MENDL 
 []


Overfull \hbox (27.49985pt too wide) in paragraph at lines 11--12
 \OT1/cmr/bx/n/10 FAK- 
 []


Overfull \hbox (21.94432pt too wide) in paragraph at lines 11--12
 \OT1/cmr/bx/n/10 TES 
 []


! Package inputenc Error: Invalid UTF-8 byte sequence.

See the inputenc package documentation for explanation.
Type  H <return>  for immediate help.
 ...                                              
                                                  
l.13 \textbf{BÝLGÝSAYAR MÜHENDÝSLÝÐÝ BÖLÜMÜ}
                                            
The document does not appear to be in UTF-8 encoding.
Try adding \UseRawInputEncoding as the first line of the file
or specify an encoding such as \usepackage [latin1]{inputenc}
in the document preamble.
Alternatively, save the file in UTF-8 using your editor or another tool


! Package inputenc Error: Invalid UTF-8 byte sequence.

See the inputenc package documentation for explanation.
Type  H <return>  for immediate help.
 ...                                              
                                                  
l.13 \textbf{BÝLGÝSAYAR MÜHENDÝSLÝÐÝ BÖLÜMÜ}
                                            
The document does not appear to be in UTF-8 encoding.
Try adding \UseRawInputEncoding as the first line of the file
or specify an encoding such as \usepackage [latin1]{inputenc}
in the document preamble.
Alternatively, save the file in UTF-8 using your editor or another tool


! Package inputenc Error: Invalid UTF-8 byte sequence.

See the inputenc package documentation for explanation.
Type  H <return>  for immediate help.
 ...                                              
                                                  
l.13 \textbf{BÝLGÝSAYAR MÜHENDÝSLÝÐÝ BÖLÜMÜ}
                                            
The document does not appear to be in UTF-8 encoding.
Try adding \UseRawInputEncoding as the first line of the file
or specify an encoding such as \usepackage [latin1]{inputenc}
in the document preamble.
Alternatively, save the file in UTF-8 using your editor or another tool


! Package inputenc Error: Invalid UTF-8 byte sequence.

See the inputenc package documentation for explanation.
Type  H <return>  for immediate help.
 ...                                              
                                                  
l.13 \textbf{BÝLGÝSAYAR MÜHENDÝSLÝÐÝ BÖLÜMÜ}
                                            
The document does not appear to be in UTF-8 encoding.
Try adding \UseRawInputEncoding as the first line of the file
or specify an encoding such as \usepackage [latin1]{inputenc}
in the document preamble.
Alternatively, save the file in UTF-8 using your editor or another tool


! Package inputenc Error: Invalid UTF-8 byte sequence.

See the inputenc package documentation for explanation.
Type  H <return>  for immediate help.
 ...                                              
                                                  
l.13 \textbf{BÝLGÝSAYAR MÜHENDÝSLÝÐÝ BÖLÜMÜ}
                                            
The document does not appear to be in UTF-8 encoding.
Try adding \UseRawInputEncoding as the first line of the file
or specify an encoding such as \usepackage [latin1]{inputenc}
in the document preamble.
Alternatively, save the file in UTF-8 using your editor or another tool


! Package inputenc Error: Invalid UTF-8 byte sequence.

See the inputenc package documentation for explanation.
Type  H <return>  for immediate help.
 ...                                              
                                                  
l.13 \textbf{BÝLGÝSAYAR MÜHENDÝSLÝÐÝ BÖLÜMÜ}
                                            
The document does not appear to be in UTF-8 encoding.
Try adding \UseRawInputEncoding as the first line of the file
or specify an encoding such as \usepackage [latin1]{inputenc}
in the document preamble.
Alternatively, save the file in UTF-8 using your editor or another tool


! Package inputenc Error: Invalid UTF-8 byte sequence.

See the inputenc package documentation for explanation.
Type  H <return>  for immediate help.
 ...                                              
                                                  
l.13 \textbf{BÝLGÝSAYAR MÜHENDÝSLÝÐÝ BÖLÜMÜ}
                                            
The document does not appear to be in UTF-8 encoding.
Try adding \UseRawInputEncoding as the first line of the file
or specify an encoding such as \usepackage [latin1]{inputenc}
in the document preamble.
Alternatively, save the file in UTF-8 using your editor or another tool


! Package inputenc Error: Invalid UTF-8 byte sequence.

See the inputenc package documentation for explanation.
Type  H <return>  for immediate help.
 ...                                              
                                                  
l.13 \textbf{BÝLGÝSAYAR MÜHENDÝSLÝÐÝ BÖLÜMÜ}
                                            
The document does not appear to be in UTF-8 encoding.
Try adding \UseRawInputEncoding as the first line of the file
or specify an encoding such as \usepackage [latin1]{inputenc}
in the document preamble.
Alternatively, save the file in UTF-8 using your editor or another tool


! Package inputenc Error: Invalid UTF-8 byte sequence.

See the inputenc package documentation for explanation.
Type  H <return>  for immediate help.
 ...                                              
                                                  
l.13 \textbf{BÝLGÝSAYAR MÜHENDÝSLÝÐÝ BÖLÜMÜ}
                                            
The document does not appear to be in UTF-8 encoding.
Try adding \UseRawInputEncoding as the first line of the file
or specify an encoding such as \usepackage [latin1]{inputenc}
in the document preamble.
Alternatively, save the file in UTF-8 using your editor or another tool


Overfull \hbox (50.01361pt too wide) in paragraph at lines 13--14
 []\OT1/cmr/bx/n/10 BGAYAR 
 []


Overfull \hbox (43.2081pt too wide) in paragraph at lines 13--14
 \OT1/cmr/bx/n/10 MENDL 
 []


Overfull \hbox (20.0pt too wide) in paragraph at lines 17--17
[] 
 []


! Package inputenc Error: Invalid UTF-8 byte "FD.

See the inputenc package documentation for explanation.
Type  H <return>  for immediate help.
 ...                                              
                                                  
l.19 \textbf{Tasarým Projesi}
                             \\
The document does not appear to be in UTF-8 encoding.
Try adding \UseRawInputEncoding as the first line of the file
or specify an encoding such as \usepackage [latin1]{inputenc}
in the document preamble.
Alternatively, save the file in UTF-8 using your editor or another tool


Overfull \hbox (37.07753pt too wide) in paragraph at lines 19--19
 \OT1/cmr/bx/n/10 Tasarm 
 []


Overfull \hbox (22.18045pt too wide) in paragraph at lines 19--19
 \OT1/cmr/bx/n/10 Pro- 
 []


Overfull \hbox (16.51518pt too wide) in paragraph at lines 19--19
 \OT1/cmr/bx/n/10 jesi 
 []


! Package inputenc Error: Invalid UTF-8 byte sequence.

See the inputenc package documentation for explanation.
Type  H <return>  for immediate help.
 ...                                              
                                                  
l.20 \textbf{ÖDEV-1}
                    
The document does not appear to be in UTF-8 encoding.
Try adding \UseRawInputEncoding as the first line of the file
or specify an encoding such as \usepackage [latin1]{inputenc}
in the document preamble.
Alternatively, save the file in UTF-8 using your editor or another tool


Overfull \hbox (20.08322pt too wide) in paragraph at lines 20--21
 []\OT1/cmr/bx/n/10 EV- 
 []


Overfull \hbox (5.74997pt too wide) in paragraph at lines 20--21
 \OT1/cmr/bx/n/10 1 
 []


! Package inputenc Error: Invalid UTF-8 byte "FC.

See the inputenc package documentation for explanation.
Type  H <return>  for immediate help.
 ...                                              
                                                  
l.22 \textbf{Eyüp ÖNDER}
                        
The document does not appear to be in UTF-8 encoding.
Try adding \UseRawInputEncoding as the first line of the file
or specify an encoding such as \usepackage [latin1]{inputenc}
in the document preamble.
Alternatively, save the file in UTF-8 using your editor or another tool


! Package inputenc Error: Invalid UTF-8 byte sequence.

See the inputenc package documentation for explanation.
Type  H <return>  for immediate help.
 ...                                              
                                                  
l.22 \textbf{Eyüp ÖNDER}
                        
The document does not appear to be in UTF-8 encoding.
Try adding \UseRawInputEncoding as the first line of the file
or specify an encoding such as \usepackage [latin1]{inputenc}
in the document preamble.
Alternatively, save the file in UTF-8 using your editor or another tool


Overfull \hbox (20.01378pt too wide) in paragraph at lines 22--23
 []\OT1/cmr/bx/n/10 Eyp 
 []


Overfull \hbox (24.99986pt too wide) in paragraph at lines 22--23
 \OT1/cmr/bx/n/10 DER 
 []


Overfull \hbox (20.0pt too wide) in paragraph at lines 28--28
[] 
 []


! Package inputenc Error: Invalid UTF-8 byte sequence.

See the inputenc package documentation for explanation.
Type  H <return>  for immediate help.
 ...                                              
                                                  
l.29 \textbf{DANIÞMANI:Uzman Süleyman UZUN}
                                           
The document does not appear to be in UTF-8 encoding.
Try adding \UseRawInputEncoding as the first line of the file
or specify an encoding such as \usepackage [latin1]{inputenc}
in the document preamble.
Alternatively, save the file in UTF-8 using your editor or another tool


! Package inputenc Error: Invalid UTF-8 byte "FC.

See the inputenc package documentation for explanation.
Type  H <return>  for immediate help.
 ...                                              
                                                  
l.29 \textbf{DANIÞMANI:Uzman Süleyman UZUN}
                                           
The document does not appear to be in UTF-8 encoding.
Try adding \UseRawInputEncoding as the first line of the file
or specify an encoding such as \usepackage [latin1]{inputenc}
in the document preamble.
Alternatively, save the file in UTF-8 using your editor or another tool


Overfull \hbox (91.32587pt too wide) in paragraph at lines 29--30
 \OT1/cmr/bx/n/10 DANIANI:Uzman 
 []


Overfull \hbox (24.75682pt too wide) in paragraph at lines 29--30
 \OT1/cmr/bx/n/10 Sley- 
 []


Overfull \hbox (21.56236pt too wide) in paragraph at lines 29--30
 \OT1/cmr/bx/n/10 man 
 []


Overfull \hbox (33.72203pt too wide) in paragraph at lines 29--30
 \OT1/cmr/bx/n/10 UZUN 
 []


! Package inputenc Error: Invalid UTF-8 byte sequence.

See the inputenc package documentation for explanation.
Type  H <return>  for immediate help.
 ...                                              
                                                  
l.31 \textbf{BÝLECÝK}
                     \\
The document does not appear to be in UTF-8 encoding.
Try adding \UseRawInputEncoding as the first line of the file
or specify an encoding such as \usepackage [latin1]{inputenc}
in the document preamble.
Alternatively, save the file in UTF-8 using your editor or another tool


! Package inputenc Error: Invalid UTF-8 byte sequence.

See the inputenc package documentation for explanation.
Type  H <return>  for immediate help.
 ...                                              
                                                  
l.31 \textbf{BÝLECÝK}
                     \\
The document does not appear to be in UTF-8 encoding.
Try adding \UseRawInputEncoding as the first line of the file
or specify an encoding such as \usepackage [latin1]{inputenc}
in the document preamble.
Alternatively, save the file in UTF-8 using your editor or another tool


Overfull \hbox (24.04153pt too wide) in paragraph at lines 31--31
 []\OT1/cmr/bx/n/10 BEC 
 []

! Undefined control sequence.
<recently read> \today 
                       
l.32 \textbf{\today}
                    
The control sequence at the end of the top line
of your error message was never \def'ed. If you have
misspelled it (e.g., `\hobx'), type `I' and the correct
spelling (e.g., `I\hbox'). Otherwise just continue,
and I'll forget about whatever was undefined.

)
! Emergency stop.
<*> ./1diskapak.tex
                   
*** (job aborted, no legal \end found)

 
Here is how much of TeX's memory you used:
 40 strings out of 478928
 643 string characters out of 2862414
 291169 words of memory out of 3000000
 17999 multiletter control sequences out of 15000+600000
 403738 words of font info for 28 fonts, out of 8000000 for 9000
 1141 hyphenation exceptions out of 8191
 15i,1n,12p,106b,125s stack positions out of 5000i,500n,10000p,200000b,80000s
No pages of output.
