This is pdfTeX, Version 3.14159265-2.6-1.40.18 (MiKTeX 2.9.6350) (preloaded format=pdflatex 2017.12.6)  17 FEB 2018 16:10
entering extended mode
**./2ickapak.tex
(2ickapak.tex
LaTeX2e <2017-04-15>
Babel <3.10> and hyphenation patterns for 75 language(s) loaded.

! LaTeX Error: Environment figure undefined.

See the LaTeX manual or LaTeX Companion for explanation.
Type  H <return>  for immediate help.
 ...                                              
                                                  
l.3 \begin{figure}
                  [H]
Your command was ignored.
Type  I <command> <return>  to replace it with another command,
or  <return>  to continue without it.


! LaTeX Error: Missing \begin{document}.

See the LaTeX manual or LaTeX Companion for explanation.
Type  H <return>  for immediate help.
 ...                                              
                                                  
l.3 \begin{figure}[
                   H]
You're in trouble here.  Try typing  <return>  to proceed.
If that doesn't work, type  X <return>  to quit.

Missing character: There is no [ in font nullfont!
Missing character: There is no H in font nullfont!
Missing character: There is no ] in font nullfont!
! Undefined control sequence.
l.5 \includegraphics
                    [scale=0.2]{logomuz}
The control sequence at the end of the top line
of your error message was never \def'ed. If you have
misspelled it (e.g., `\hobx'), type `I' and the correct
spelling (e.g., `I\hbox'). Otherwise just continue,
and I'll forget about whatever was undefined.

Missing character: There is no [ in font nullfont!
Missing character: There is no s in font nullfont!
Missing character: There is no c in font nullfont!
Missing character: There is no a in font nullfont!
Missing character: There is no l in font nullfont!
Missing character: There is no e in font nullfont!
Missing character: There is no = in font nullfont!
Missing character: There is no 0 in font nullfont!
Missing character: There is no . in font nullfont!
Missing character: There is no 2 in font nullfont!
Missing character: There is no ] in font nullfont!
Missing character: There is no l in font nullfont!
Missing character: There is no o in font nullfont!
Missing character: There is no g in font nullfont!
Missing character: There is no o in font nullfont!
Missing character: There is no m in font nullfont!
Missing character: There is no u in font nullfont!
Missing character: There is no z in font nullfont!

! LaTeX Error: \begin{document} ended by \end{figure}.

See the LaTeX manual or LaTeX Companion for explanation.
Type  H <return>  for immediate help.
 ...                                              
                                                  
l.7 \end{figure}
                
Your command was ignored.
Type  I <command> <return>  to replace it with another command,
or  <return>  to continue without it.


Overfull \hbox (20.0pt too wide) in paragraph at lines 3--9
[]
 []


Overfull \hbox (22.69432pt too wide) in paragraph at lines 10--10
 \OT1/cmr/bx/n/10 T.C. 
 []

Missing character: There is no Ý in font cmbx10!
Missing character: There is no Ý in font cmbx10!
Missing character: There is no Þ in font cmbx10!
Missing character: There is no Ý in font cmbx10!
Missing character: There is no Ü in font cmbx10!
Missing character: There is no Ý in font cmbx10!
Missing character: There is no Ý in font cmbx10!
Missing character: There is no Ý in font cmbx10!

Overfull \hbox (39.972pt too wide) in paragraph at lines 11--11
 []\OT1/cmr/bx/n/10 BLECK 
 []


Overfull \hbox (25.24986pt too wide) in paragraph at lines 11--11
 \OT1/cmr/bx/n/10 EYH 
 []


Overfull \hbox (27.76373pt too wide) in paragraph at lines 11--11
 \OT1/cmr/bx/n/10 EDE- 
 []


Overfull \hbox (23.79153pt too wide) in paragraph at lines 11--11
 \OT1/cmr/bx/n/10 BAL 
 []


Overfull \hbox (37.70813pt too wide) in paragraph at lines 11--11
 \OT1/cmr/bx/n/10 NVER- 
 []


Overfull \hbox (28.33318pt too wide) in paragraph at lines 11--11
 \OT1/cmr/bx/n/10 STES 
 []

Missing character: There is no Ü in font cmbx10!
Missing character: There is no Ý in font cmbx10!
Missing character: There is no Ý in font cmbx10!
Missing character: There is no Ü in font cmbx10!
Missing character: There is no Ý in font cmbx10!

Overfull \hbox (67.61075pt too wide) in paragraph at lines 12--13
 []\OT1/cmr/bx/n/10 MHENDSLK 
 []


Overfull \hbox (51.56915pt too wide) in paragraph at lines 12--13
 \OT1/cmr/bx/n/10 FAKLTES 
 []

Missing character: There is no Ý in font cmbx10!
Missing character: There is no Ý in font cmbx10!
Missing character: There is no Ü in font cmbx10!
Missing character: There is no Ý in font cmbx10!
Missing character: There is no Ý in font cmbx10!
Missing character: There is no Ð in font cmbx10!
Missing character: There is no Ý in font cmbx10!
Missing character: There is no Ö in font cmbx10!
Missing character: There is no Ü in font cmbx10!
Missing character: There is no Ü in font cmbx10!

Overfull \hbox (63.31909pt too wide) in paragraph at lines 14--15
 []\OT1/cmr/bx/n/10 BLGSAYAR 
 []


Overfull \hbox (58.59691pt too wide) in paragraph at lines 14--15
 \OT1/cmr/bx/n/10 MHENDSL 
 []


Overfull \hbox (26.01375pt too wide) in paragraph at lines 14--15
 \OT1/cmr/bx/n/10 BLM 
 []


Overfull \hbox (20.0pt too wide) in paragraph at lines 18--18
[] 
 []

Missing character: There is no Ö in font cmbx10!

Overfull \hbox (28.90262pt too wide) in paragraph at lines 19--20
 \OT1/cmr/bx/n/10 DEV- 
 []


Overfull \hbox (5.74997pt too wide) in paragraph at lines 19--20
 \OT1/cmr/bx/n/10 2 
 []

Missing character: There is no ü in font cmbx10!
Missing character: There is no Ö in font cmbx10!

Overfull \hbox (20.01378pt too wide) in paragraph at lines 21--22
 []\OT1/cmr/bx/n/10 Eyp 
 []


Overfull \hbox (33.99982pt too wide) in paragraph at lines 21--22
 \OT1/cmr/bx/n/10 NDER 
 []


Overfull \hbox (20.0pt too wide) in paragraph at lines 27--27
[] 
 []

Missing character: There is no Ö in font cmbx10!
Missing character: There is no Þ in font cmbx10!
Missing character: There is no ü in font cmbx10!

Overfull \hbox (28.90262pt too wide) in paragraph at lines 28--29
 \OT1/cmr/bx/n/10 DEV- 
 []


Overfull \hbox (5.74997pt too wide) in paragraph at lines 28--29
 \OT1/cmr/bx/n/10 2 
 []


Overfull \hbox (30.02762pt too wide) in paragraph at lines 28--29
 \OT1/cmr/bx/n/10 DAN- 
 []


Overfull \hbox (8.1944pt too wide) in paragraph at lines 28--29
 \OT1/cmr/bx/n/10 I- 
 []


Overfull \hbox (71.68709pt too wide) in paragraph at lines 28--29
 \OT1/cmr/bx/n/10 MANI:Uzman 
 []


Overfull \hbox (24.75682pt too wide) in paragraph at lines 28--29
 \OT1/cmr/bx/n/10 Sley- 
 []


Overfull \hbox (21.56236pt too wide) in paragraph at lines 28--29
 \OT1/cmr/bx/n/10 man 
 []


Overfull \hbox (33.72203pt too wide) in paragraph at lines 28--29
 \OT1/cmr/bx/n/10 UZUN 
 []

Missing character: There is no Ý in font cmbx10!
Missing character: There is no Ý in font cmbx10!

Overfull \hbox (39.972pt too wide) in paragraph at lines 30--30
 []\OT1/cmr/bx/n/10 BLECK 
 []

! Undefined control sequence.
<recently read> \today 
                       
l.31 \textbf{\today}
                    
The control sequence at the end of the top line
of your error message was never \def'ed. If you have
misspelled it (e.g., `\hobx'), type `I' and the correct
spelling (e.g., `I\hbox'). Otherwise just continue,
and I'll forget about whatever was undefined.

)
! Emergency stop.
<*> ./2ickapak.tex
                  
*** (job aborted, no legal \end found)

 
Here is how much of TeX's memory you used:
 11 strings out of 493323
 132 string characters out of 3139066
 54648 words of memory out of 3000000
 3649 multiletter control sequences out of 15000+200000
 3948 words of font info for 15 fonts, out of 3000000 for 9000
 1141 hyphenation exceptions out of 8191
 13i,1n,10p,85b,110s stack positions out of 5000i,500n,10000p,200000b,50000s
!  ==> Fatal error occurred, no output PDF file produced!
